2016-12-27 18:25:40,529 [Worker-10] INFO  o.e.m.c.i.e.AbstractTransferListenerAdapter - Downloading https://repo.maven.apache.org/maven2/org/springframework/boot/spring-boot-starter-parent/1.4.3.RELEASE/spring-boot-starter-parent-1.4.3.RELEASE.pom
2016-12-27 18:25:48,606 [Worker-10] INFO  o.e.m.c.i.e.AbstractTransferListenerAdapter - Downloaded https://repo.maven.apache.org/maven2/org/springframework/boot/spring-boot-starter-parent/1.4.3.RELEASE/spring-boot-starter-parent-1.4.3.RELEASE.pom
2016-12-27 18:25:49,487 [Worker-10] INFO  o.e.m.c.i.e.AbstractTransferListenerAdapter - Downloading https://repo.maven.apache.org/maven2/org/springframework/boot/spring-boot-dependencies/1.4.3.RELEASE/spring-boot-dependencies-1.4.3.RELEASE.pom
2016-12-27 18:26:06,218 [Worker-10] INFO  o.e.m.c.i.e.AbstractTransferListenerAdapter - Downloaded https://repo.maven.apache.org/maven2/org/springframework/boot/spring-boot-dependencies/1.4.3.RELEASE/spring-boot-dependencies-1.4.3.RELEASE.pom
2016-12-27 18:26:17,669 [Worker-20] INFO  o.e.m.c.i.e.AbstractTransferListenerAdapter - Downloading https://repo.maven.apache.org/maven2/org/springframework/spring-framework-bom/4.3.5.RELEASE/spring-framework-bom-4.3.5.RELEASE.pom
2016-12-27 18:26:18,000 [Worker-20] INFO  o.e.m.c.i.e.AbstractTransferListenerAdapter - Downloaded https://repo.maven.apache.org/maven2/org/springframework/spring-framework-bom/4.3.5.RELEASE/spring-framework-bom-4.3.5.RELEASE.pom
2016-12-27 18:26:18,641 [Worker-20] INFO  o.e.m.c.i.e.AbstractTransferListenerAdapter - Downloading https://repo.maven.apache.org/maven2/org/springframework/data/spring-data-releasetrain/Hopper-SR6/spring-data-releasetrain-Hopper-SR6.pom
2016-12-27 18:26:18,944 [Worker-20] INFO  o.e.m.c.i.e.AbstractTransferListenerAdapter - Downloaded https://repo.maven.apache.org/maven2/org/springframework/data/spring-data-releasetrain/Hopper-SR6/spring-data-releasetrain-Hopper-SR6.pom
2016-12-27 18:26:19,487 [Worker-20] INFO  o.e.m.c.i.e.AbstractTransferListenerAdapter - Downloading https://repo.maven.apache.org/maven2/org/springframework/data/build/spring-data-build/1.8.6.RELEASE/spring-data-build-1.8.6.RELEASE.pom
2016-12-27 18:26:19,610 [Worker-20] INFO  o.e.m.c.i.e.AbstractTransferListenerAdapter - Downloaded https://repo.maven.apache.org/maven2/org/springframework/data/build/spring-data-build/1.8.6.RELEASE/spring-data-build-1.8.6.RELEASE.pom
2016-12-27 18:26:19,973 [Worker-20] INFO  o.e.m.c.i.e.AbstractTransferListenerAdapter - Downloading https://repo.maven.apache.org/maven2/org/springframework/integration/spring-integration-bom/4.3.6.RELEASE/spring-integration-bom-4.3.6.RELEASE.pom
2016-12-27 18:26:21,132 [Worker-20] INFO  o.e.m.c.i.e.AbstractTransferListenerAdapter - Downloaded https://repo.maven.apache.org/maven2/org/springframework/integration/spring-integration-bom/4.3.6.RELEASE/spring-integration-bom-4.3.6.RELEASE.pom
2016-12-27 18:26:21,635 [Worker-20] INFO  o.e.m.c.i.e.AbstractTransferListenerAdapter - Downloading https://repo.maven.apache.org/maven2/org/springframework/security/spring-security-bom/4.1.4.RELEASE/spring-security-bom-4.1.4.RELEASE.pom
2016-12-27 18:26:21,718 [Worker-20] INFO  o.e.m.c.i.e.AbstractTransferListenerAdapter - Downloaded https://repo.maven.apache.org/maven2/org/springframework/security/spring-security-bom/4.1.4.RELEASE/spring-security-bom-4.1.4.RELEASE.pom
2016-12-27 18:26:23,073 [Worker-20] INFO  o.e.m.c.i.e.AbstractTransferListenerAdapter - Downloading https://repo.maven.apache.org/maven2/org/springframework/boot/spring-boot-starter/1.4.3.RELEASE/spring-boot-starter-1.4.3.RELEASE.pom
2016-12-27 18:26:23,222 [Worker-20] INFO  o.e.m.c.i.e.AbstractTransferListenerAdapter - Downloaded https://repo.maven.apache.org/maven2/org/springframework/boot/spring-boot-starter/1.4.3.RELEASE/spring-boot-starter-1.4.3.RELEASE.pom
2016-12-27 18:26:23,605 [Worker-20] INFO  o.e.m.c.i.e.AbstractTransferListenerAdapter - Downloading https://repo.maven.apache.org/maven2/org/springframework/boot/spring-boot-starters/1.4.3.RELEASE/spring-boot-starters-1.4.3.RELEASE.pom
2016-12-27 18:26:23,605 [Worker-10] INFO  o.e.m.c.i.e.AbstractTransferListenerAdapter - Downloading https://repo.maven.apache.org/maven2/org/springframework/boot/spring-boot-maven-plugin/1.4.3.RELEASE/spring-boot-maven-plugin-1.4.3.RELEASE.pom
2016-12-27 18:26:23,777 [Worker-20] INFO  o.e.m.c.i.e.AbstractTransferListenerAdapter - Downloaded https://repo.maven.apache.org/maven2/org/springframework/boot/spring-boot-starters/1.4.3.RELEASE/spring-boot-starters-1.4.3.RELEASE.pom
2016-12-27 18:26:23,802 [Worker-10] INFO  o.e.m.c.i.e.AbstractTransferListenerAdapter - Downloaded https://repo.maven.apache.org/maven2/org/springframework/boot/spring-boot-maven-plugin/1.4.3.RELEASE/spring-boot-maven-plugin-1.4.3.RELEASE.pom
2016-12-27 18:26:24,186 [Worker-20] INFO  o.e.m.c.i.e.AbstractTransferListenerAdapter - Downloading https://repo.maven.apache.org/maven2/org/springframework/boot/spring-boot-parent/1.4.3.RELEASE/spring-boot-parent-1.4.3.RELEASE.pom
2016-12-27 18:26:24,707 [Worker-10] INFO  o.e.m.c.i.e.AbstractTransferListenerAdapter - Downloading https://repo.maven.apache.org/maven2/org/springframework/boot/spring-boot-tools/1.4.3.RELEASE/spring-boot-tools-1.4.3.RELEASE.pom
2016-12-27 18:26:25,350 [Worker-10] INFO  o.e.m.c.i.e.AbstractTransferListenerAdapter - Downloaded https://repo.maven.apache.org/maven2/org/springframework/boot/spring-boot-tools/1.4.3.RELEASE/spring-boot-tools-1.4.3.RELEASE.pom
2016-12-27 18:26:25,509 [Worker-20] INFO  o.e.m.c.i.e.AbstractTransferListenerAdapter - Downloaded https://repo.maven.apache.org/maven2/org/springframework/boot/spring-boot-parent/1.4.3.RELEASE/spring-boot-parent-1.4.3.RELEASE.pom
2016-12-27 18:26:25,934 [Worker-20] INFO  o.e.m.c.i.e.AbstractTransferListenerAdapter - Downloading https://repo.maven.apache.org/maven2/org/springframework/boot/spring-boot/1.4.3.RELEASE/spring-boot-1.4.3.RELEASE.pom
2016-12-27 18:26:26,143 [Worker-10] INFO  o.e.m.c.i.e.AbstractTransferListenerAdapter - Downloading https://repo.maven.apache.org/maven2/org/springframework/boot/spring-boot-maven-plugin/1.4.3.RELEASE/spring-boot-maven-plugin-1.4.3.RELEASE.jar
2016-12-27 18:26:26,731 [Worker-20] INFO  o.e.m.c.i.e.AbstractTransferListenerAdapter - Downloaded https://repo.maven.apache.org/maven2/org/springframework/boot/spring-boot/1.4.3.RELEASE/spring-boot-1.4.3.RELEASE.pom
2016-12-27 18:26:27,398 [Worker-20] INFO  o.e.m.c.i.e.AbstractTransferListenerAdapter - Downloading https://repo.maven.apache.org/maven2/org/springframework/spring-core/4.3.5.RELEASE/spring-core-4.3.5.RELEASE.pom
2016-12-27 18:26:28,762 [Worker-20] INFO  o.e.m.c.i.e.AbstractTransferListenerAdapter - Downloaded https://repo.maven.apache.org/maven2/org/springframework/spring-core/4.3.5.RELEASE/spring-core-4.3.5.RELEASE.pom
2016-12-27 18:26:29,120 [Worker-10] INFO  o.e.m.c.i.e.AbstractTransferListenerAdapter - Downloaded https://repo.maven.apache.org/maven2/org/springframework/boot/spring-boot-maven-plugin/1.4.3.RELEASE/spring-boot-maven-plugin-1.4.3.RELEASE.jar
2016-12-27 18:26:29,908 [Worker-20] INFO  o.e.m.c.i.e.AbstractTransferListenerAdapter - Downloading https://repo.maven.apache.org/maven2/org/springframework/spring-context/4.3.5.RELEASE/spring-context-4.3.5.RELEASE.pom
2016-12-27 18:26:30,741 [Worker-20] INFO  o.e.m.c.i.e.AbstractTransferListenerAdapter - Downloaded https://repo.maven.apache.org/maven2/org/springframework/spring-context/4.3.5.RELEASE/spring-context-4.3.5.RELEASE.pom
2016-12-27 18:26:31,049 [Worker-20] INFO  o.e.m.c.i.e.AbstractTransferListenerAdapter - Downloading https://repo.maven.apache.org/maven2/org/springframework/spring-aop/4.3.5.RELEASE/spring-aop-4.3.5.RELEASE.pom
2016-12-27 18:26:31,229 [Worker-20] INFO  o.e.m.c.i.e.AbstractTransferListenerAdapter - Downloaded https://repo.maven.apache.org/maven2/org/springframework/spring-aop/4.3.5.RELEASE/spring-aop-4.3.5.RELEASE.pom
2016-12-27 18:26:31,412 [Worker-20] INFO  o.e.m.c.i.e.AbstractTransferListenerAdapter - Downloading https://repo.maven.apache.org/maven2/org/springframework/spring-beans/4.3.5.RELEASE/spring-beans-4.3.5.RELEASE.pom
2016-12-27 18:26:31,499 [Worker-20] INFO  o.e.m.c.i.e.AbstractTransferListenerAdapter - Downloaded https://repo.maven.apache.org/maven2/org/springframework/spring-beans/4.3.5.RELEASE/spring-beans-4.3.5.RELEASE.pom
2016-12-27 18:26:31,624 [Worker-20] INFO  o.e.m.c.i.e.AbstractTransferListenerAdapter - Downloading https://repo.maven.apache.org/maven2/org/springframework/spring-expression/4.3.5.RELEASE/spring-expression-4.3.5.RELEASE.pom
2016-12-27 18:26:31,738 [Worker-20] INFO  o.e.m.c.i.e.AbstractTransferListenerAdapter - Downloaded https://repo.maven.apache.org/maven2/org/springframework/spring-expression/4.3.5.RELEASE/spring-expression-4.3.5.RELEASE.pom
2016-12-27 18:26:32,203 [Worker-20] INFO  o.e.m.c.i.e.AbstractTransferListenerAdapter - Downloading https://repo.maven.apache.org/maven2/org/springframework/boot/spring-boot-autoconfigure/1.4.3.RELEASE/spring-boot-autoconfigure-1.4.3.RELEASE.pom
2016-12-27 18:26:32,449 [Worker-20] INFO  o.e.m.c.i.e.AbstractTransferListenerAdapter - Downloaded https://repo.maven.apache.org/maven2/org/springframework/boot/spring-boot-autoconfigure/1.4.3.RELEASE/spring-boot-autoconfigure-1.4.3.RELEASE.pom
2016-12-27 18:26:32,501 [Worker-10] INFO  o.e.m.c.i.l.LifecycleMappingFactory - Using org.eclipse.m2e.jdt.JarLifecycleMapping lifecycle mapping for MavenProject: com.microservices:film:0.0.1-SNAPSHOT @ D:\opt\dev\microservices\film\pom.xml.
2016-12-27 18:26:32,857 [Worker-20] INFO  o.e.m.c.i.e.AbstractTransferListenerAdapter - Downloading https://repo.maven.apache.org/maven2/org/springframework/boot/spring-boot-starter-logging/1.4.3.RELEASE/spring-boot-starter-logging-1.4.3.RELEASE.pom
2016-12-27 18:26:34,122 [Worker-20] INFO  o.e.m.c.i.e.AbstractTransferListenerAdapter - Downloaded https://repo.maven.apache.org/maven2/org/springframework/boot/spring-boot-starter-logging/1.4.3.RELEASE/spring-boot-starter-logging-1.4.3.RELEASE.pom
2016-12-27 18:26:35,107 [Worker-20] INFO  o.e.m.c.i.e.AbstractTransferListenerAdapter - Downloading https://repo.maven.apache.org/maven2/ch/qos/logback/logback-classic/1.1.8/logback-classic-1.1.8.pom
2016-12-27 18:26:36,428 [Worker-20] INFO  o.e.m.c.i.e.AbstractTransferListenerAdapter - Downloaded https://repo.maven.apache.org/maven2/ch/qos/logback/logback-classic/1.1.8/logback-classic-1.1.8.pom
2016-12-27 18:26:37,508 [Worker-20] INFO  o.e.m.c.i.e.AbstractTransferListenerAdapter - Downloading https://repo.maven.apache.org/maven2/ch/qos/logback/logback-parent/1.1.8/logback-parent-1.1.8.pom
2016-12-27 18:26:41,060 [Worker-20] INFO  o.e.m.c.i.e.AbstractTransferListenerAdapter - Downloaded https://repo.maven.apache.org/maven2/ch/qos/logback/logback-parent/1.1.8/logback-parent-1.1.8.pom
2016-12-27 18:26:44,415 [Worker-20] INFO  o.e.m.c.i.e.AbstractTransferListenerAdapter - Downloading https://repo.maven.apache.org/maven2/ch/qos/logback/logback-core/1.1.8/logback-core-1.1.8.pom
2016-12-27 18:26:48,593 [Worker-20] INFO  o.e.m.c.i.e.AbstractTransferListenerAdapter - Downloaded https://repo.maven.apache.org/maven2/ch/qos/logback/logback-core/1.1.8/logback-core-1.1.8.pom
2016-12-27 18:26:53,486 [Worker-20] INFO  o.e.m.c.i.e.AbstractTransferListenerAdapter - Downloading https://repo.maven.apache.org/maven2/org/slf4j/slf4j-api/1.7.22/slf4j-api-1.7.22.pom
2016-12-27 18:27:00,243 [Worker-20] INFO  o.e.m.c.i.e.AbstractTransferListenerAdapter - Downloaded https://repo.maven.apache.org/maven2/org/slf4j/slf4j-api/1.7.22/slf4j-api-1.7.22.pom
2016-12-27 18:27:08,050 [Worker-20] INFO  o.e.m.c.i.e.AbstractTransferListenerAdapter - Downloading https://repo.maven.apache.org/maven2/org/slf4j/slf4j-parent/1.7.22/slf4j-parent-1.7.22.pom
2016-12-27 18:27:09,463 [Worker-20] INFO  o.e.m.c.i.e.AbstractTransferListenerAdapter - Downloaded https://repo.maven.apache.org/maven2/org/slf4j/slf4j-parent/1.7.22/slf4j-parent-1.7.22.pom
2016-12-27 18:27:10,077 [Worker-20] INFO  o.e.m.c.i.e.AbstractTransferListenerAdapter - Downloading https://repo.maven.apache.org/maven2/org/slf4j/jcl-over-slf4j/1.7.22/jcl-over-slf4j-1.7.22.pom
2016-12-27 18:27:10,433 [Worker-20] INFO  o.e.m.c.i.e.AbstractTransferListenerAdapter - Downloaded https://repo.maven.apache.org/maven2/org/slf4j/jcl-over-slf4j/1.7.22/jcl-over-slf4j-1.7.22.pom
2016-12-27 18:27:10,689 [Worker-20] INFO  o.e.m.c.i.e.AbstractTransferListenerAdapter - Downloading https://repo.maven.apache.org/maven2/org/slf4j/jul-to-slf4j/1.7.22/jul-to-slf4j-1.7.22.pom
2016-12-27 18:27:11,918 [Worker-20] INFO  o.e.m.c.i.e.AbstractTransferListenerAdapter - Downloaded https://repo.maven.apache.org/maven2/org/slf4j/jul-to-slf4j/1.7.22/jul-to-slf4j-1.7.22.pom
2016-12-27 18:27:13,665 [Worker-20] INFO  o.e.m.c.i.e.AbstractTransferListenerAdapter - Downloading https://repo.maven.apache.org/maven2/org/slf4j/log4j-over-slf4j/1.7.22/log4j-over-slf4j-1.7.22.pom
2016-12-27 18:27:14,934 [Worker-20] INFO  o.e.m.c.i.e.AbstractTransferListenerAdapter - Downloaded https://repo.maven.apache.org/maven2/org/slf4j/log4j-over-slf4j/1.7.22/log4j-over-slf4j-1.7.22.pom
2016-12-27 18:27:15,883 [Worker-20] INFO  o.e.m.c.i.e.AbstractTransferListenerAdapter - Downloading https://repo.maven.apache.org/maven2/org/springframework/boot/spring-boot-starter-test/1.4.3.RELEASE/spring-boot-starter-test-1.4.3.RELEASE.pom
2016-12-27 18:27:16,320 [Worker-20] INFO  o.e.m.c.i.e.AbstractTransferListenerAdapter - Downloaded https://repo.maven.apache.org/maven2/org/springframework/boot/spring-boot-starter-test/1.4.3.RELEASE/spring-boot-starter-test-1.4.3.RELEASE.pom
2016-12-27 18:27:17,179 [Worker-20] INFO  o.e.m.c.i.e.AbstractTransferListenerAdapter - Downloading https://repo.maven.apache.org/maven2/org/springframework/boot/spring-boot-test/1.4.3.RELEASE/spring-boot-test-1.4.3.RELEASE.pom
2016-12-27 18:27:20,085 [Worker-20] INFO  o.e.m.c.i.e.AbstractTransferListenerAdapter - Downloaded https://repo.maven.apache.org/maven2/org/springframework/boot/spring-boot-test/1.4.3.RELEASE/spring-boot-test-1.4.3.RELEASE.pom
2016-12-27 18:27:23,703 [Worker-20] INFO  o.e.m.c.i.e.AbstractTransferListenerAdapter - Downloading https://repo.maven.apache.org/maven2/org/springframework/boot/spring-boot-test-autoconfigure/1.4.3.RELEASE/spring-boot-test-autoconfigure-1.4.3.RELEASE.pom
2016-12-27 18:27:28,266 [Worker-20] INFO  o.e.m.c.i.e.AbstractTransferListenerAdapter - Downloaded https://repo.maven.apache.org/maven2/org/springframework/boot/spring-boot-test-autoconfigure/1.4.3.RELEASE/spring-boot-test-autoconfigure-1.4.3.RELEASE.pom
2016-12-27 18:27:33,517 [Worker-10] INFO  o.e.m.c.i.e.AbstractTransferListenerAdapter - Downloading https://repo.maven.apache.org/maven2/org/springframework/spring-test/4.3.5.RELEASE/spring-test-4.3.5.RELEASE.pom
2016-12-27 18:27:36,308 [Worker-10] INFO  o.e.m.c.i.e.AbstractTransferListenerAdapter - Downloaded https://repo.maven.apache.org/maven2/org/springframework/spring-test/4.3.5.RELEASE/spring-test-4.3.5.RELEASE.pom
2016-12-27 18:27:38,489 [Worker-10] INFO  o.e.m.c.i.e.AbstractTransferListenerAdapter - Downloading https://repo.maven.apache.org/maven2/org/springframework/boot/spring-boot-starter/1.4.3.RELEASE/spring-boot-starter-1.4.3.RELEASE.jar
2016-12-27 18:27:42,181 [Worker-10] INFO  o.e.m.c.i.e.AbstractTransferListenerAdapter - Downloaded https://repo.maven.apache.org/maven2/org/springframework/boot/spring-boot-starter/1.4.3.RELEASE/spring-boot-starter-1.4.3.RELEASE.jar
2016-12-27 18:27:47,234 [Worker-10] INFO  o.e.m.c.i.e.AbstractTransferListenerAdapter - Downloading https://repo.maven.apache.org/maven2/org/springframework/boot/spring-boot/1.4.3.RELEASE/spring-boot-1.4.3.RELEASE.jar
2016-12-27 18:28:05,079 [Worker-10] INFO  o.e.m.c.i.e.AbstractTransferListenerAdapter - Downloaded https://repo.maven.apache.org/maven2/org/springframework/boot/spring-boot/1.4.3.RELEASE/spring-boot-1.4.3.RELEASE.jar
2016-12-27 18:28:06,347 [Worker-10] INFO  o.e.m.c.i.e.AbstractTransferListenerAdapter - Downloading https://repo.maven.apache.org/maven2/org/springframework/spring-context/4.3.5.RELEASE/spring-context-4.3.5.RELEASE.jar
2016-12-27 18:28:18,078 [Worker-10] INFO  o.e.m.c.i.e.AbstractTransferListenerAdapter - Downloaded https://repo.maven.apache.org/maven2/org/springframework/spring-context/4.3.5.RELEASE/spring-context-4.3.5.RELEASE.jar
2016-12-27 18:28:18,806 [Worker-10] INFO  o.e.m.c.i.e.AbstractTransferListenerAdapter - Downloading https://repo.maven.apache.org/maven2/org/springframework/spring-aop/4.3.5.RELEASE/spring-aop-4.3.5.RELEASE.jar
2016-12-27 18:28:25,458 [Worker-10] INFO  o.e.m.c.i.e.AbstractTransferListenerAdapter - Downloaded https://repo.maven.apache.org/maven2/org/springframework/spring-aop/4.3.5.RELEASE/spring-aop-4.3.5.RELEASE.jar
2016-12-27 18:28:25,709 [Worker-10] INFO  o.e.m.c.i.e.AbstractTransferListenerAdapter - Downloading https://repo.maven.apache.org/maven2/org/springframework/spring-beans/4.3.5.RELEASE/spring-beans-4.3.5.RELEASE.jar
2016-12-27 18:28:37,218 [Worker-10] INFO  o.e.m.c.i.e.AbstractTransferListenerAdapter - Downloaded https://repo.maven.apache.org/maven2/org/springframework/spring-beans/4.3.5.RELEASE/spring-beans-4.3.5.RELEASE.jar
2016-12-27 18:28:38,579 [Worker-10] INFO  o.e.m.c.i.e.AbstractTransferListenerAdapter - Downloading https://repo.maven.apache.org/maven2/org/springframework/spring-expression/4.3.5.RELEASE/spring-expression-4.3.5.RELEASE.jar
2016-12-27 18:28:43,120 [Worker-10] INFO  o.e.m.c.i.e.AbstractTransferListenerAdapter - Downloaded https://repo.maven.apache.org/maven2/org/springframework/spring-expression/4.3.5.RELEASE/spring-expression-4.3.5.RELEASE.jar
2016-12-27 18:28:43,948 [Worker-10] INFO  o.e.m.c.i.e.AbstractTransferListenerAdapter - Downloading https://repo.maven.apache.org/maven2/org/springframework/boot/spring-boot-autoconfigure/1.4.3.RELEASE/spring-boot-autoconfigure-1.4.3.RELEASE.jar
2016-12-27 18:28:54,766 [Worker-10] INFO  o.e.m.c.i.e.AbstractTransferListenerAdapter - Downloaded https://repo.maven.apache.org/maven2/org/springframework/boot/spring-boot-autoconfigure/1.4.3.RELEASE/spring-boot-autoconfigure-1.4.3.RELEASE.jar
2016-12-27 18:28:54,905 [Worker-10] INFO  o.e.m.c.i.e.AbstractTransferListenerAdapter - Downloading https://repo.maven.apache.org/maven2/org/springframework/boot/spring-boot-starter-logging/1.4.3.RELEASE/spring-boot-starter-logging-1.4.3.RELEASE.jar
2016-12-27 18:28:54,990 [Worker-10] INFO  o.e.m.c.i.e.AbstractTransferListenerAdapter - Downloaded https://repo.maven.apache.org/maven2/org/springframework/boot/spring-boot-starter-logging/1.4.3.RELEASE/spring-boot-starter-logging-1.4.3.RELEASE.jar
2016-12-27 18:28:55,069 [Worker-10] INFO  o.e.m.c.i.e.AbstractTransferListenerAdapter - Downloading https://repo.maven.apache.org/maven2/ch/qos/logback/logback-classic/1.1.8/logback-classic-1.1.8.jar
2016-12-27 18:28:59,957 [Worker-10] INFO  o.e.m.c.i.e.AbstractTransferListenerAdapter - Downloaded https://repo.maven.apache.org/maven2/ch/qos/logback/logback-classic/1.1.8/logback-classic-1.1.8.jar
2016-12-27 18:29:00,548 [Worker-10] INFO  o.e.m.c.i.e.AbstractTransferListenerAdapter - Downloading https://repo.maven.apache.org/maven2/ch/qos/logback/logback-core/1.1.8/logback-core-1.1.8.jar
2016-12-27 18:29:07,037 [Worker-10] INFO  o.e.m.c.i.e.AbstractTransferListenerAdapter - Downloaded https://repo.maven.apache.org/maven2/ch/qos/logback/logback-core/1.1.8/logback-core-1.1.8.jar
2016-12-27 18:29:07,776 [Worker-10] INFO  o.e.m.c.i.e.AbstractTransferListenerAdapter - Downloading https://repo.maven.apache.org/maven2/org/slf4j/jcl-over-slf4j/1.7.22/jcl-over-slf4j-1.7.22.jar
2016-12-27 18:29:08,829 [Worker-10] INFO  o.e.m.c.i.e.AbstractTransferListenerAdapter - Downloaded https://repo.maven.apache.org/maven2/org/slf4j/jcl-over-slf4j/1.7.22/jcl-over-slf4j-1.7.22.jar
2016-12-27 18:29:10,380 [Worker-10] INFO  o.e.m.c.i.e.AbstractTransferListenerAdapter - Downloading https://repo.maven.apache.org/maven2/org/slf4j/jul-to-slf4j/1.7.22/jul-to-slf4j-1.7.22.jar
2016-12-27 18:29:12,789 [Worker-10] INFO  o.e.m.c.i.e.AbstractTransferListenerAdapter - Downloaded https://repo.maven.apache.org/maven2/org/slf4j/jul-to-slf4j/1.7.22/jul-to-slf4j-1.7.22.jar
2016-12-27 18:29:15,392 [Worker-10] INFO  o.e.m.c.i.e.AbstractTransferListenerAdapter - Downloading https://repo.maven.apache.org/maven2/org/slf4j/log4j-over-slf4j/1.7.22/log4j-over-slf4j-1.7.22.jar
2016-12-27 18:29:17,626 [Worker-10] INFO  o.e.m.c.i.e.AbstractTransferListenerAdapter - Downloaded https://repo.maven.apache.org/maven2/org/slf4j/log4j-over-slf4j/1.7.22/log4j-over-slf4j-1.7.22.jar
2016-12-27 18:29:20,328 [Worker-10] INFO  o.e.m.c.i.e.AbstractTransferListenerAdapter - Downloading https://repo.maven.apache.org/maven2/org/springframework/spring-core/4.3.5.RELEASE/spring-core-4.3.5.RELEASE.jar
2016-12-27 18:29:46,277 [Worker-10] INFO  o.e.m.c.i.e.AbstractTransferListenerAdapter - Downloaded https://repo.maven.apache.org/maven2/org/springframework/spring-core/4.3.5.RELEASE/spring-core-4.3.5.RELEASE.jar
2016-12-27 18:29:49,694 [Worker-10] INFO  o.e.m.c.i.e.AbstractTransferListenerAdapter - Downloading https://repo.maven.apache.org/maven2/org/springframework/boot/spring-boot-starter-test/1.4.3.RELEASE/spring-boot-starter-test-1.4.3.RELEASE.jar
2016-12-27 18:29:55,230 [Worker-10] INFO  o.e.m.c.i.e.AbstractTransferListenerAdapter - Downloaded https://repo.maven.apache.org/maven2/org/springframework/boot/spring-boot-starter-test/1.4.3.RELEASE/spring-boot-starter-test-1.4.3.RELEASE.jar
2016-12-27 18:30:07,372 [Worker-10] INFO  o.e.m.c.i.e.AbstractTransferListenerAdapter - Downloading https://repo.maven.apache.org/maven2/org/springframework/boot/spring-boot-test/1.4.3.RELEASE/spring-boot-test-1.4.3.RELEASE.jar
2016-12-27 18:31:58,580 [Worker-10] INFO  o.e.m.c.i.e.AbstractTransferListenerAdapter - Downloaded https://repo.maven.apache.org/maven2/org/springframework/boot/spring-boot-test/1.4.3.RELEASE/spring-boot-test-1.4.3.RELEASE.jar
2016-12-27 18:32:05,294 [Worker-10] INFO  o.e.m.c.i.e.AbstractTransferListenerAdapter - Downloading https://repo.maven.apache.org/maven2/org/springframework/boot/spring-boot-test-autoconfigure/1.4.3.RELEASE/spring-boot-test-autoconfigure-1.4.3.RELEASE.jar
2016-12-27 18:32:37,553 [Worker-10] INFO  o.e.m.c.i.e.AbstractTransferListenerAdapter - Downloaded https://repo.maven.apache.org/maven2/org/springframework/boot/spring-boot-test-autoconfigure/1.4.3.RELEASE/spring-boot-test-autoconfigure-1.4.3.RELEASE.jar
2016-12-27 18:32:37,668 [Worker-10] INFO  o.e.m.c.i.e.AbstractTransferListenerAdapter - Downloading https://repo.maven.apache.org/maven2/org/slf4j/slf4j-api/1.7.22/slf4j-api-1.7.22.jar
2016-12-27 18:32:40,707 [Worker-10] INFO  o.e.m.c.i.e.AbstractTransferListenerAdapter - Downloaded https://repo.maven.apache.org/maven2/org/slf4j/slf4j-api/1.7.22/slf4j-api-1.7.22.jar
2016-12-27 18:32:40,850 [Worker-10] INFO  o.e.m.c.i.e.AbstractTransferListenerAdapter - Downloading https://repo.maven.apache.org/maven2/org/assertj/assertj-core/2.5.0/assertj-core-2.5.0.jar
2016-12-27 18:33:10,635 [Worker-10] INFO  o.e.m.c.i.e.AbstractTransferListenerAdapter - Downloaded https://repo.maven.apache.org/maven2/org/assertj/assertj-core/2.5.0/assertj-core-2.5.0.jar
2016-12-27 18:33:11,147 [Worker-10] INFO  o.e.m.c.i.e.AbstractTransferListenerAdapter - Downloading https://repo.maven.apache.org/maven2/org/springframework/spring-test/4.3.5.RELEASE/spring-test-4.3.5.RELEASE.jar
2016-12-27 18:33:22,970 [Worker-10] INFO  o.e.m.c.i.e.AbstractTransferListenerAdapter - Downloaded https://repo.maven.apache.org/maven2/org/springframework/spring-test/4.3.5.RELEASE/spring-test-4.3.5.RELEASE.jar
2016-12-27 18:33:35,400 [Worker-10] INFO  o.e.m.c.i.e.AbstractTransferListenerAdapter - Downloading https://repo.maven.apache.org/maven2/org/codehaus/plexus/plexus-io/2.4/plexus-io-2.4.jar
2016-12-27 18:33:44,249 [Worker-10] INFO  o.e.m.c.i.e.AbstractTransferListenerAdapter - Downloaded https://repo.maven.apache.org/maven2/org/codehaus/plexus/plexus-io/2.4/plexus-io-2.4.jar
2016-12-27 18:33:45,194 [Worker-10] INFO  o.e.m.j.i.AbstractJavaProjectConfigurator - Adding source folder /film/src/main/java
2016-12-27 18:33:45,195 [Worker-10] INFO  o.e.m.j.i.AbstractJavaProjectConfigurator - Adding resource folder /film/src/main/resources
2016-12-27 18:33:45,201 [Worker-10] INFO  o.e.m.j.i.AbstractJavaProjectConfigurator - Adding resource folder /film/src/main/resources
2016-12-27 18:33:45,208 [Worker-10] INFO  o.e.m.j.i.AbstractJavaProjectConfigurator - Adding source folder /film/src/test/java
2016-12-27 18:33:46,449 [Worker-10] INFO  o.e.m.c.i.p.ProjectConfigurationManager - Imported and configured 1 project(s) in 530 sec
2016-12-27 18:33:51,743 [Worker-26] INFO  o.e.m.c.i.l.LifecycleMappingFactory - Using org.eclipse.m2e.jdt.JarLifecycleMapping lifecycle mapping for MavenProject: com.microservices:film:0.0.1-SNAPSHOT @ D:\opt\dev\microservices\film\pom.xml.
2016-12-27 18:33:53,859 [Worker-26] INFO  o.e.m.c.i.embedder.EclipseLogger - Using 'UTF-8' encoding to copy filtered resources.
2016-12-27 18:33:53,865 [Worker-26] INFO  o.e.m.c.i.embedder.EclipseLogger - Copying 1 resource
2016-12-27 18:33:53,875 [Worker-26] INFO  o.e.m.c.i.embedder.EclipseLogger - Copying 0 resource
2016-12-27 18:33:53,879 [Worker-26] INFO  o.e.m.c.i.embedder.EclipseLogger - Using 'UTF-8' encoding to copy filtered resources.
2016-12-27 18:33:53,880 [Worker-26] INFO  o.e.m.c.i.embedder.EclipseLogger - skip non existing resourceDirectory D:\opt\dev\microservices\film\src\test\resources
2016-12-27 18:34:27,755 [Worker-25] INFO  o.e.m.c.i.e.AbstractTransferListenerAdapter - Downloading https://repo.maven.apache.org/maven2/org/springframework/cloud/spring-cloud-dependencies/Brixton.SR1/spring-cloud-dependencies-Brixton.SR1.pom
2016-12-27 18:35:45,313 [Worker-25] INFO  o.e.m.c.i.e.AbstractTransferListenerAdapter - Downloaded https://repo.maven.apache.org/maven2/org/springframework/cloud/spring-cloud-dependencies/Brixton.SR1/spring-cloud-dependencies-Brixton.SR1.pom
2016-12-27 18:36:01,456 [Worker-25] INFO  o.e.m.c.i.e.AbstractTransferListenerAdapter - Downloading https://repo.maven.apache.org/maven2/org/springframework/cloud/spring-cloud-netflix-dependencies/1.1.2.RELEASE/spring-cloud-netflix-dependencies-1.1.2.RELEASE.pom
2016-12-27 18:37:24,093 [Worker-25] INFO  o.e.m.c.i.e.AbstractTransferListenerAdapter - Downloaded https://repo.maven.apache.org/maven2/org/springframework/cloud/spring-cloud-netflix-dependencies/1.1.2.RELEASE/spring-cloud-netflix-dependencies-1.1.2.RELEASE.pom
2016-12-27 18:37:25,649 [Worker-25] INFO  o.e.m.c.i.e.AbstractTransferListenerAdapter - Downloading https://repo.maven.apache.org/maven2/org/springframework/cloud/spring-cloud-config-dependencies/1.1.1.RELEASE/spring-cloud-config-dependencies-1.1.1.RELEASE.pom
2016-12-27 18:37:27,889 [Worker-25] INFO  o.e.m.c.i.e.AbstractTransferListenerAdapter - Downloaded https://repo.maven.apache.org/maven2/org/springframework/cloud/spring-cloud-config-dependencies/1.1.1.RELEASE/spring-cloud-config-dependencies-1.1.1.RELEASE.pom
2016-12-27 18:37:28,236 [Worker-25] INFO  o.e.m.c.i.e.AbstractTransferListenerAdapter - Downloading https://repo.maven.apache.org/maven2/org/springframework/cloud/spring-cloud-consul-dependencies/1.0.1.RELEASE/spring-cloud-consul-dependencies-1.0.1.RELEASE.pom
2016-12-27 18:37:30,233 [Worker-25] INFO  o.e.m.c.i.e.AbstractTransferListenerAdapter - Downloaded https://repo.maven.apache.org/maven2/org/springframework/cloud/spring-cloud-consul-dependencies/1.0.1.RELEASE/spring-cloud-consul-dependencies-1.0.1.RELEASE.pom
2016-12-27 18:37:30,377 [Worker-25] INFO  o.e.m.c.i.e.AbstractTransferListenerAdapter - Downloading https://repo.maven.apache.org/maven2/org/springframework/cloud/spring-cloud-netflix-dependencies/1.1.1.RELEASE/spring-cloud-netflix-dependencies-1.1.1.RELEASE.pom
2016-12-27 18:37:34,283 [Worker-25] INFO  o.e.m.c.i.e.AbstractTransferListenerAdapter - Downloaded https://repo.maven.apache.org/maven2/org/springframework/cloud/spring-cloud-netflix-dependencies/1.1.1.RELEASE/spring-cloud-netflix-dependencies-1.1.1.RELEASE.pom
2016-12-27 18:37:34,740 [Worker-25] INFO  o.e.m.c.i.e.AbstractTransferListenerAdapter - Downloading https://repo.maven.apache.org/maven2/org/springframework/cloud/spring-cloud-stream-dependencies/1.0.1.RELEASE/spring-cloud-stream-dependencies-1.0.1.RELEASE.pom
2016-12-27 18:37:35,683 [Worker-25] INFO  o.e.m.c.i.e.AbstractTransferListenerAdapter - Downloaded https://repo.maven.apache.org/maven2/org/springframework/cloud/spring-cloud-stream-dependencies/1.0.1.RELEASE/spring-cloud-stream-dependencies-1.0.1.RELEASE.pom
2016-12-27 18:37:36,485 [Worker-25] INFO  o.e.m.c.i.e.AbstractTransferListenerAdapter - Downloading https://repo.maven.apache.org/maven2/org/springframework/cloud/spring-cloud-sleuth-dependencies/1.0.1.RELEASE/spring-cloud-sleuth-dependencies-1.0.1.RELEASE.pom
2016-12-27 18:37:36,774 [Worker-25] INFO  o.e.m.c.i.e.AbstractTransferListenerAdapter - Downloaded https://repo.maven.apache.org/maven2/org/springframework/cloud/spring-cloud-sleuth-dependencies/1.0.1.RELEASE/spring-cloud-sleuth-dependencies-1.0.1.RELEASE.pom
2016-12-27 18:37:36,957 [Worker-25] INFO  o.e.m.c.i.e.AbstractTransferListenerAdapter - Downloading https://repo.maven.apache.org/maven2/org/springframework/cloud/spring-cloud-zookeeper-dependencies/1.0.1.RELEASE/spring-cloud-zookeeper-dependencies-1.0.1.RELEASE.pom
2016-12-27 18:37:37,723 [Worker-25] INFO  o.e.m.c.i.e.AbstractTransferListenerAdapter - Downloaded https://repo.maven.apache.org/maven2/org/springframework/cloud/spring-cloud-zookeeper-dependencies/1.0.1.RELEASE/spring-cloud-zookeeper-dependencies-1.0.1.RELEASE.pom
2016-12-27 18:37:38,132 [Worker-25] INFO  o.e.m.c.i.e.AbstractTransferListenerAdapter - Downloading https://repo.maven.apache.org/maven2/org/springframework/cloud/spring-cloud-cluster-dependencies/1.0.0.RELEASE/spring-cloud-cluster-dependencies-1.0.0.RELEASE.pom
2016-12-27 18:37:38,806 [Worker-25] INFO  o.e.m.c.i.e.AbstractTransferListenerAdapter - Downloaded https://repo.maven.apache.org/maven2/org/springframework/cloud/spring-cloud-cluster-dependencies/1.0.0.RELEASE/spring-cloud-cluster-dependencies-1.0.0.RELEASE.pom
2016-12-27 18:37:39,403 [Worker-25] INFO  o.e.m.c.i.e.AbstractTransferListenerAdapter - Downloading https://repo.maven.apache.org/maven2/org/springframework/cloud/spring-cloud-aws-dependencies/1.1.0.RELEASE/spring-cloud-aws-dependencies-1.1.0.RELEASE.pom
2016-12-27 18:37:39,835 [Worker-25] INFO  o.e.m.c.i.e.AbstractTransferListenerAdapter - Downloaded https://repo.maven.apache.org/maven2/org/springframework/cloud/spring-cloud-aws-dependencies/1.1.0.RELEASE/spring-cloud-aws-dependencies-1.1.0.RELEASE.pom
2016-12-27 18:37:42,517 [Worker-22] INFO  o.e.m.c.i.l.LifecycleMappingFactory - Using org.eclipse.m2e.jdt.JarLifecycleMapping lifecycle mapping for MavenProject: com.microservices:film:0.0.1-SNAPSHOT @ D:\opt\dev\microservices\film\pom.xml.
2016-12-27 18:37:45,995 [Worker-22] INFO  o.e.m.c.i.embedder.EclipseLogger - Using 'UTF-8' encoding to copy filtered resources.
2016-12-27 18:37:45,998 [Worker-22] INFO  o.e.m.c.i.embedder.EclipseLogger - Copying 0 resource
2016-12-27 18:37:45,999 [Worker-22] INFO  o.e.m.c.i.embedder.EclipseLogger - Copying 0 resource
2016-12-27 18:37:46,004 [Worker-22] INFO  o.e.m.c.i.embedder.EclipseLogger - Using 'UTF-8' encoding to copy filtered resources.
2016-12-27 18:37:46,004 [Worker-22] INFO  o.e.m.c.i.embedder.EclipseLogger - skip non existing resourceDirectory D:\opt\dev\microservices\film\src\test\resources
2016-12-27 18:37:48,091 [Worker-22] INFO  o.e.m.c.i.embedder.EclipseLogger - Using 'UTF-8' encoding to copy filtered resources.
2016-12-27 18:37:48,094 [Worker-22] INFO  o.e.m.c.i.embedder.EclipseLogger - Copying 1 resource
2016-12-27 18:37:48,112 [Worker-22] INFO  o.e.m.c.i.embedder.EclipseLogger - Copying 0 resource
2016-12-27 18:37:48,126 [Worker-22] INFO  o.e.m.c.i.embedder.EclipseLogger - Using 'UTF-8' encoding to copy filtered resources.
2016-12-27 18:37:48,126 [Worker-22] INFO  o.e.m.c.i.embedder.EclipseLogger - skip non existing resourceDirectory D:\opt\dev\microservices\film\src\test\resources
2016-12-27 18:40:30,697 [Worker-31] INFO  o.e.m.c.i.l.LifecycleMappingFactory - Using org.eclipse.m2e.jdt.JarLifecycleMapping lifecycle mapping for MavenProject: com.microservices:film:0.0.1-SNAPSHOT @ D:\opt\dev\microservices\film\pom.xml.
2016-12-27 18:40:45,072 [Worker-31] INFO  o.e.m.c.i.e.AbstractTransferListenerAdapter - Downloading https://repo.maven.apache.org/maven2/org/springframework/boot/spring-boot-actuator/1.4.3.RELEASE/spring-boot-actuator-1.4.3.RELEASE.pom
2016-12-27 18:40:46,143 [Worker-31] INFO  o.e.m.c.i.e.AbstractTransferListenerAdapter - Downloaded https://repo.maven.apache.org/maven2/org/springframework/boot/spring-boot-actuator/1.4.3.RELEASE/spring-boot-actuator-1.4.3.RELEASE.pom
2016-12-27 18:40:47,029 [Worker-31] INFO  o.e.m.c.i.e.AbstractTransferListenerAdapter - Downloading https://repo.maven.apache.org/maven2/com/fasterxml/jackson/core/jackson-databind/2.8.5/jackson-databind-2.8.5.pom
2016-12-27 18:40:47,736 [Worker-31] INFO  o.e.m.c.i.e.AbstractTransferListenerAdapter - Downloaded https://repo.maven.apache.org/maven2/com/fasterxml/jackson/core/jackson-databind/2.8.5/jackson-databind-2.8.5.pom
2016-12-27 18:40:48,334 [Worker-31] INFO  o.e.m.c.i.e.AbstractTransferListenerAdapter - Downloading https://repo.maven.apache.org/maven2/com/fasterxml/jackson/core/jackson-annotations/2.8.5/jackson-annotations-2.8.5.pom
2016-12-27 18:40:49,806 [Worker-31] INFO  o.e.m.c.i.e.AbstractTransferListenerAdapter - Downloaded https://repo.maven.apache.org/maven2/com/fasterxml/jackson/core/jackson-annotations/2.8.5/jackson-annotations-2.8.5.pom
2016-12-27 18:40:50,368 [Worker-31] INFO  o.e.m.c.i.e.AbstractTransferListenerAdapter - Downloading https://repo.maven.apache.org/maven2/com/fasterxml/jackson/core/jackson-core/2.8.5/jackson-core-2.8.5.pom
2016-12-27 18:40:51,997 [Worker-31] INFO  o.e.m.c.i.e.AbstractTransferListenerAdapter - Downloaded https://repo.maven.apache.org/maven2/com/fasterxml/jackson/core/jackson-core/2.8.5/jackson-core-2.8.5.pom
2016-12-27 18:40:53,768 [Worker-31] INFO  o.e.m.c.i.e.AbstractTransferListenerAdapter - Downloading https://repo.maven.apache.org/maven2/org/springframework/boot/spring-boot-actuator/1.4.3.RELEASE/spring-boot-actuator-1.4.3.RELEASE.jar
2016-12-27 18:41:16,193 [Worker-31] INFO  o.e.m.c.i.e.AbstractTransferListenerAdapter - Downloaded https://repo.maven.apache.org/maven2/org/springframework/boot/spring-boot-actuator/1.4.3.RELEASE/spring-boot-actuator-1.4.3.RELEASE.jar
2016-12-27 18:41:19,505 [Worker-31] INFO  o.e.m.c.i.e.AbstractTransferListenerAdapter - Downloading https://repo.maven.apache.org/maven2/com/fasterxml/jackson/core/jackson-databind/2.8.5/jackson-databind-2.8.5.jar
2016-12-27 18:42:02,681 [Worker-31] INFO  o.e.m.c.i.e.AbstractTransferListenerAdapter - Downloaded https://repo.maven.apache.org/maven2/com/fasterxml/jackson/core/jackson-databind/2.8.5/jackson-databind-2.8.5.jar
2016-12-27 18:42:03,023 [Worker-31] INFO  o.e.m.c.i.e.AbstractTransferListenerAdapter - Downloading https://repo.maven.apache.org/maven2/com/fasterxml/jackson/core/jackson-annotations/2.8.5/jackson-annotations-2.8.5.jar
2016-12-27 18:42:07,204 [Worker-31] INFO  o.e.m.c.i.e.AbstractTransferListenerAdapter - Downloaded https://repo.maven.apache.org/maven2/com/fasterxml/jackson/core/jackson-annotations/2.8.5/jackson-annotations-2.8.5.jar
2016-12-27 18:42:09,448 [Worker-31] INFO  o.e.m.c.i.e.AbstractTransferListenerAdapter - Downloading https://repo.maven.apache.org/maven2/com/fasterxml/jackson/core/jackson-core/2.8.5/jackson-core-2.8.5.jar
2016-12-27 18:42:26,853 [Worker-31] INFO  o.e.m.c.i.e.AbstractTransferListenerAdapter - Downloaded https://repo.maven.apache.org/maven2/com/fasterxml/jackson/core/jackson-core/2.8.5/jackson-core-2.8.5.jar
2016-12-27 18:42:27,751 [Worker-31] INFO  o.e.m.c.i.embedder.EclipseLogger - Using 'UTF-8' encoding to copy filtered resources.
2016-12-27 18:42:27,754 [Worker-31] INFO  o.e.m.c.i.embedder.EclipseLogger - Copying 0 resource
2016-12-27 18:42:27,754 [Worker-31] INFO  o.e.m.c.i.embedder.EclipseLogger - Copying 0 resource
2016-12-27 18:42:27,761 [Worker-31] INFO  o.e.m.c.i.embedder.EclipseLogger - Using 'UTF-8' encoding to copy filtered resources.
2016-12-27 18:42:27,761 [Worker-31] INFO  o.e.m.c.i.embedder.EclipseLogger - skip non existing resourceDirectory D:\opt\dev\microservices\film\src\test\resources
2016-12-27 18:42:31,354 [Worker-4] INFO  o.e.m.c.i.embedder.EclipseLogger - Using 'UTF-8' encoding to copy filtered resources.
2016-12-27 18:42:31,356 [Worker-4] INFO  o.e.m.c.i.embedder.EclipseLogger - Copying 1 resource
2016-12-27 18:42:31,409 [Worker-4] INFO  o.e.m.c.i.embedder.EclipseLogger - Copying 0 resource
2016-12-27 18:42:31,414 [Worker-4] INFO  o.e.m.c.i.embedder.EclipseLogger - Using 'UTF-8' encoding to copy filtered resources.
2016-12-27 18:42:31,415 [Worker-4] INFO  o.e.m.c.i.embedder.EclipseLogger - skip non existing resourceDirectory D:\opt\dev\microservices\film\src\test\resources
2016-12-27 18:49:08,073 [Worker-34] INFO  o.e.m.c.i.l.LifecycleMappingFactory - Using org.eclipse.m2e.jdt.JarLifecycleMapping lifecycle mapping for MavenProject: com.microservices:film:0.0.1-SNAPSHOT @ D:\opt\dev\microservices\film\pom.xml.
2016-12-27 18:49:13,300 [Worker-34] INFO  o.e.m.c.i.e.AbstractTransferListenerAdapter - Downloading https://repo.maven.apache.org/maven2/org/springframework/boot/spring-boot-starter-web/1.4.3.RELEASE/spring-boot-starter-web-1.4.3.RELEASE.pom
2016-12-27 18:49:13,917 [Worker-34] INFO  o.e.m.c.i.e.AbstractTransferListenerAdapter - Downloaded https://repo.maven.apache.org/maven2/org/springframework/boot/spring-boot-starter-web/1.4.3.RELEASE/spring-boot-starter-web-1.4.3.RELEASE.pom
2016-12-27 18:49:16,086 [Worker-34] INFO  o.e.m.c.i.e.AbstractTransferListenerAdapter - Downloading https://repo.maven.apache.org/maven2/org/springframework/boot/spring-boot-starter-tomcat/1.4.3.RELEASE/spring-boot-starter-tomcat-1.4.3.RELEASE.pom
2016-12-27 18:49:16,855 [Worker-34] INFO  o.e.m.c.i.e.AbstractTransferListenerAdapter - Downloaded https://repo.maven.apache.org/maven2/org/springframework/boot/spring-boot-starter-tomcat/1.4.3.RELEASE/spring-boot-starter-tomcat-1.4.3.RELEASE.pom
2016-12-27 18:49:18,405 [Worker-34] INFO  o.e.m.c.i.e.AbstractTransferListenerAdapter - Downloading https://repo.maven.apache.org/maven2/org/springframework/spring-web/4.3.5.RELEASE/spring-web-4.3.5.RELEASE.pom
2016-12-27 18:49:19,495 [Worker-34] INFO  o.e.m.c.i.e.AbstractTransferListenerAdapter - Downloaded https://repo.maven.apache.org/maven2/org/springframework/spring-web/4.3.5.RELEASE/spring-web-4.3.5.RELEASE.pom
2016-12-27 18:49:20,052 [Worker-34] INFO  o.e.m.c.i.e.AbstractTransferListenerAdapter - Downloading https://repo.maven.apache.org/maven2/org/springframework/spring-webmvc/4.3.5.RELEASE/spring-webmvc-4.3.5.RELEASE.pom
2016-12-27 18:49:21,048 [Worker-34] INFO  o.e.m.c.i.e.AbstractTransferListenerAdapter - Downloaded https://repo.maven.apache.org/maven2/org/springframework/spring-webmvc/4.3.5.RELEASE/spring-webmvc-4.3.5.RELEASE.pom
2016-12-27 18:49:21,987 [Worker-34] INFO  o.e.m.c.i.e.AbstractTransferListenerAdapter - Downloading https://repo.maven.apache.org/maven2/org/springframework/boot/spring-boot-starter-web/1.4.3.RELEASE/spring-boot-starter-web-1.4.3.RELEASE.jar
2016-12-27 18:49:22,575 [Worker-34] INFO  o.e.m.c.i.e.AbstractTransferListenerAdapter - Downloaded https://repo.maven.apache.org/maven2/org/springframework/boot/spring-boot-starter-web/1.4.3.RELEASE/spring-boot-starter-web-1.4.3.RELEASE.jar
2016-12-27 18:49:23,120 [Worker-34] INFO  o.e.m.c.i.e.AbstractTransferListenerAdapter - Downloading https://repo.maven.apache.org/maven2/org/springframework/boot/spring-boot-starter-tomcat/1.4.3.RELEASE/spring-boot-starter-tomcat-1.4.3.RELEASE.jar
2016-12-27 18:49:23,601 [Worker-34] INFO  o.e.m.c.i.e.AbstractTransferListenerAdapter - Downloaded https://repo.maven.apache.org/maven2/org/springframework/boot/spring-boot-starter-tomcat/1.4.3.RELEASE/spring-boot-starter-tomcat-1.4.3.RELEASE.jar
2016-12-27 18:49:23,816 [Worker-34] INFO  o.e.m.c.i.e.AbstractTransferListenerAdapter - Downloading https://repo.maven.apache.org/maven2/org/apache/tomcat/embed/tomcat-embed-core/8.5.6/tomcat-embed-core-8.5.6.jar
2016-12-27 18:49:41,762 [Worker-34] INFO  o.e.m.c.i.e.AbstractTransferListenerAdapter - Downloaded https://repo.maven.apache.org/maven2/org/apache/tomcat/embed/tomcat-embed-core/8.5.6/tomcat-embed-core-8.5.6.jar
2016-12-27 18:49:41,912 [Worker-34] INFO  o.e.m.c.i.e.AbstractTransferListenerAdapter - Downloading https://repo.maven.apache.org/maven2/org/apache/tomcat/embed/tomcat-embed-websocket/8.5.6/tomcat-embed-websocket-8.5.6.jar
2016-12-27 18:49:42,821 [Worker-34] INFO  o.e.m.c.i.e.AbstractTransferListenerAdapter - Downloaded https://repo.maven.apache.org/maven2/org/apache/tomcat/embed/tomcat-embed-websocket/8.5.6/tomcat-embed-websocket-8.5.6.jar
2016-12-27 18:49:43,113 [Worker-34] INFO  o.e.m.c.i.e.AbstractTransferListenerAdapter - Downloading https://repo.maven.apache.org/maven2/org/springframework/spring-web/4.3.5.RELEASE/spring-web-4.3.5.RELEASE.jar
2016-12-27 18:49:47,085 [Worker-34] INFO  o.e.m.c.i.e.AbstractTransferListenerAdapter - Downloaded https://repo.maven.apache.org/maven2/org/springframework/spring-web/4.3.5.RELEASE/spring-web-4.3.5.RELEASE.jar
2016-12-27 18:49:47,762 [Worker-34] INFO  o.e.m.c.i.e.AbstractTransferListenerAdapter - Downloading https://repo.maven.apache.org/maven2/org/springframework/spring-webmvc/4.3.5.RELEASE/spring-webmvc-4.3.5.RELEASE.jar
2016-12-27 18:49:57,049 [Worker-34] INFO  o.e.m.c.i.e.AbstractTransferListenerAdapter - Downloaded https://repo.maven.apache.org/maven2/org/springframework/spring-webmvc/4.3.5.RELEASE/spring-webmvc-4.3.5.RELEASE.jar
2016-12-27 18:49:58,310 [Worker-34] INFO  o.e.m.c.i.embedder.EclipseLogger - Using 'UTF-8' encoding to copy filtered resources.
2016-12-27 18:49:58,314 [Worker-34] INFO  o.e.m.c.i.embedder.EclipseLogger - Copying 1 resource
2016-12-27 18:49:58,340 [Worker-34] INFO  o.e.m.c.i.embedder.EclipseLogger - Copying 0 resource
2016-12-27 18:49:58,346 [Worker-34] INFO  o.e.m.c.i.embedder.EclipseLogger - Using 'UTF-8' encoding to copy filtered resources.
2016-12-27 18:49:58,346 [Worker-34] INFO  o.e.m.c.i.embedder.EclipseLogger - skip non existing resourceDirectory D:\opt\dev\microservices\film\src\test\resources
2016-12-27 18:52:27,970 [Worker-45] INFO  o.e.m.c.i.embedder.EclipseLogger - Using 'UTF-8' encoding to copy filtered resources.
2016-12-27 18:52:27,971 [Worker-45] INFO  o.e.m.c.i.embedder.EclipseLogger - Copying 1 resource
2016-12-27 18:52:27,973 [Worker-45] INFO  o.e.m.c.i.embedder.EclipseLogger - Copying 0 resource
2016-12-27 18:52:27,976 [Worker-45] INFO  o.e.m.c.i.embedder.EclipseLogger - Using 'UTF-8' encoding to copy filtered resources.
2016-12-27 18:52:27,976 [Worker-45] INFO  o.e.m.c.i.embedder.EclipseLogger - skip non existing resourceDirectory D:\opt\dev\microservices\film\src\test\resources
2016-12-27 18:56:07,951 [Worker-26] INFO  o.e.m.c.i.embedder.EclipseLogger - Using 'UTF-8' encoding to copy filtered resources.
2016-12-27 18:56:07,952 [Worker-26] INFO  o.e.m.c.i.embedder.EclipseLogger - Copying 1 resource
2016-12-27 18:56:07,954 [Worker-26] INFO  o.e.m.c.i.embedder.EclipseLogger - Copying 0 resource
2016-12-27 18:56:07,957 [Worker-26] INFO  o.e.m.c.i.embedder.EclipseLogger - Using 'UTF-8' encoding to copy filtered resources.
2016-12-27 18:56:07,958 [Worker-26] INFO  o.e.m.c.i.embedder.EclipseLogger - skip non existing resourceDirectory D:\opt\dev\microservices\film\src\test\resources
2016-12-27 18:56:34,983 [Worker-42] INFO  o.e.m.c.i.embedder.EclipseLogger - Using 'UTF-8' encoding to copy filtered resources.
2016-12-27 18:56:34,984 [Worker-42] INFO  o.e.m.c.i.embedder.EclipseLogger - Copying 1 resource
2016-12-27 18:56:34,986 [Worker-42] INFO  o.e.m.c.i.embedder.EclipseLogger - Copying 0 resource
2016-12-27 18:56:34,989 [Worker-42] INFO  o.e.m.c.i.embedder.EclipseLogger - Using 'UTF-8' encoding to copy filtered resources.
2016-12-27 18:56:34,989 [Worker-42] INFO  o.e.m.c.i.embedder.EclipseLogger - skip non existing resourceDirectory D:\opt\dev\microservices\film\src\test\resources
2016-12-27 18:58:55,983 [Worker-48] INFO  o.e.m.c.i.embedder.EclipseLogger - Using 'UTF-8' encoding to copy filtered resources.
2016-12-27 18:58:55,984 [Worker-48] INFO  o.e.m.c.i.embedder.EclipseLogger - Copying 1 resource
2016-12-27 18:58:55,985 [Worker-48] INFO  o.e.m.c.i.embedder.EclipseLogger - Copying 0 resource
2016-12-27 18:58:55,988 [Worker-48] INFO  o.e.m.c.i.embedder.EclipseLogger - Using 'UTF-8' encoding to copy filtered resources.
2016-12-27 18:58:55,988 [Worker-48] INFO  o.e.m.c.i.embedder.EclipseLogger - skip non existing resourceDirectory D:\opt\dev\microservices\film\src\test\resources
